d:\xn\听君语\听君语\听君语\x64\debug\听君语.pch
d:\xn\听君语\听君语\听君语\x64\debug\vc143.pdb
d:\xn\听君语\听君语\听君语\x64\debug\vc143.idb
d:\xn\听君语\听君语\听君语\x64\debug\dxsample.obj
d:\xn\听君语\听君语\听君语\x64\debug\stdafx.obj
d:\xn\听君语\听君语\听君语\x64\debug\windowsapplication.obj
d:\xn\听君语\听君语\听君语\x64\debug\听君语.obj
d:\xn\听君语\听君语\听君语\x64\debug\main.obj
d:\xn\听君语\听君语\听君语\x64\debug\inputmanager.obj
d:\xn\听君语\听君语\听君语\x64\debug\platformwindow.obj
d:\xn\听君语\听君语\听君语\x64\debug\rendermanager.d3d12.obj
d:\xn\听君语\听君语\听君语\x64\debug\rendermanager.obj
d:\xn\听君语\听君语\听君语\x64\debug\windowmanager.obj
d:\xn\听君语\听君语\听君语\x64\debug\fordebug.named12object.obj
d:\xn\听君语\听君语\听君语\x64\debug\uilayer.obj
d:\xn\听君语\听君语\听君语\x64\debug\math.vector2.obj
d:\xn\听君语\听君语\听君语\x64\debug\fordebug-xnexception.obj
d:\xn\听君语\听君语\听君语\x64\debug\keyboardmanager.obj
d:\xn\听君语\听君语\听君语\x64\debug\mousemanager.obj
d:\xn\听君语\听君语\听君语\x64\debug\math-vector2.obj
d:\xn\听君语\听君语\听君语\x64\debug\xntime.obj
d:\xn\听君语\听君语\听君语\x64\debug\fordebug-hrexception.obj
d:\xn\听君语\听君语\听君语\x64\debug\platformmanager.obj
d:\xn\听君语\听君语\听君语\x64\debug\rendercomponent.obj
d:\xn\听君语\听君语\听君语\x64\debug\objectmanager-object.obj
d:\xn\听君语\听君语\听君语\x64\debug\inputmanager-mousemanager.obj
d:\xn\听君语\听君语\听君语\x64\debug\inputmanager-keyboardmanager.obj
d:\xn\听君语\听君语\听君语\x64\debug\graphics-topology.obj
d:\xn\听君语\听君语\听君语\x64\debug\rendermanager-graphics.obj
d:\xn\听君语\听君语\听君语\x64\debug\objectmanager.obj
d:\xn\听君语\听君语\听君语\x64\debug\graphics-pixelshader.obj
d:\xn\听君语\听君语\听君语\x64\debug\graphics-inputlayout.obj
d:\xn\听君语\听君语\听君语\x64\debug\graphics-indexbuffer.obj
d:\xn\听君语\听君语\听君语\x64\debug\graphics-drawable.obj
d:\xn\听君语\听君语\听君语\x64\debug\graphics-bindable.obj
d:\xn\听君语\听君语\听君语\x64\debug\graphics-vertexshader.obj
d:\xn\听君语\听君语\听君语\x64\debug\graphics-vertexbuffer.obj
d:\xn\听君语\听君语\听君语\x64\debug\graphics-box.obj
d:\xn\听君语\听君语\听君语\x64\debug\graphics-transformconstantbuffer.obj
d:\xn\听君语\听君语\听君语\x64\debug\graphics-constantbuffer.obj
d:\xn\听君语\听君语\听君语\x64\debug\ui-square.obj
d:\xn\听君语\听君语\听君语\x64\debug\objectmanager-xnobject.obj
d:\xn\听君语\听君语\听君语\x64\debug\squarerendercomponent.obj
d:\xn\听君语\听君语\听君语\x64\debug\math.obj
d:\xn\听君语\听君语\x64\debug\pixelshader.cso
d:\xn\听君语\听君语\x64\debug\vertexshader.cso
d:\xn\听君语\听君语\x64\debug\听君语.exe
d:\xn\听君语\听君语\听君语\x64\debug\听君语.ilk
d:\xn\听君语\听君语\x64\debug\听君语.pdb
d:\xn\听君语\听君语\听君语\x64\debug\听君语.res
d:\xn\听君语\听君语\听君语\x64\debug\bindable.obj
d:\xn\听君语\听君语\听君语\x64\debug\indexbuffer.obj
d:\xn\听君语\听君语\听君语\x64\debug\inputlayout.obj
d:\xn\听君语\听君语\听君语\x64\debug\pixelshader.obj
d:\xn\听君语\听君语\听君语\x64\debug\topology.obj
d:\xn\听君语\听君语\听君语\x64\debug\vertexbuffer.obj
d:\xn\听君语\听君语\听君语\x64\debug\vertexshader.obj
d:\xn\听君语\听君语\听君语\x64\debug\听君语.vcxproj.cppwinrt_comp.rsp
d:\xn\听君语\听君语\听君语\x64\debug\听君语.vcxproj.cppwinrt_plat.rsp
d:\xn\听君语\听君语\听君语\x64\debug\听君语.vcxproj.mdmerge.rsp
d:\xn\听君语\听君语\听君语\x64\debug\听君语.vcxproj.midlrt.rsp
d:\xn\听君语\听君语\听君语\x64\debug\听君语.tlog\cl.command.1.tlog
d:\xn\听君语\听君语\听君语\x64\debug\听君语.tlog\cl.read.1.tlog
d:\xn\听君语\听君语\听君语\x64\debug\听君语.tlog\cl.write.1.tlog
d:\xn\听君语\听君语\听君语\x64\debug\听君语.tlog\fxc.command.1.tlog
d:\xn\听君语\听君语\听君语\x64\debug\听君语.tlog\fxc.read.1.tlog
d:\xn\听君语\听君语\听君语\x64\debug\听君语.tlog\fxc.write.1.tlog
d:\xn\听君语\听君语\听君语\x64\debug\听君语.tlog\link.command.1.tlog
d:\xn\听君语\听君语\听君语\x64\debug\听君语.tlog\link.read.1.tlog
d:\xn\听君语\听君语\听君语\x64\debug\听君语.tlog\link.write.1.tlog
d:\xn\听君语\听君语\听君语\x64\debug\听君语.tlog\rc.command.1.tlog
d:\xn\听君语\听君语\听君语\x64\debug\听君语.tlog\rc.read.1.tlog
d:\xn\听君语\听君语\听君语\x64\debug\听君语.tlog\rc.write.1.tlog
